2022-04-18 19:24:47,539 [INFO] sqlalchemy.engine.Engine: BEGIN (implicit)
2022-04-18 19:24:47,540 [INFO] sqlalchemy.engine.Engine: PRAGMA main.table_info("songs")
2022-04-18 19:24:47,540 [INFO] sqlalchemy.engine.Engine: [raw sql] ()
2022-04-18 19:24:47,541 [INFO] sqlalchemy.engine.Engine: PRAGMA temp.table_info("songs")
2022-04-18 19:24:47,541 [INFO] sqlalchemy.engine.Engine: [raw sql] ()
2022-04-18 19:24:47,542 [INFO] sqlalchemy.engine.Engine: PRAGMA main.table_info("users")
2022-04-18 19:24:47,542 [INFO] sqlalchemy.engine.Engine: [raw sql] ()
2022-04-18 19:24:47,542 [INFO] sqlalchemy.engine.Engine: PRAGMA temp.table_info("users")
2022-04-18 19:24:47,547 [INFO] sqlalchemy.engine.Engine: [raw sql] ()
2022-04-18 19:24:47,548 [INFO] sqlalchemy.engine.Engine: 
CREATE TABLE users (
	id INTEGER NOT NULL, 
	email VARCHAR(120) NOT NULL, 
	password VARCHAR(300) NOT NULL, 
	about VARCHAR(300), 
	authenticated BOOLEAN, 
	registered_on DATETIME, 
	is_active BOOLEAN DEFAULT '1' NOT NULL, 
	is_admin BOOLEAN DEFAULT '0' NOT NULL, 
	PRIMARY KEY (id), 
	UNIQUE (email), 
	UNIQUE (password)
)


2022-04-18 19:24:47,548 [INFO] sqlalchemy.engine.Engine: [no key 0.00024s] ()
2022-04-18 19:24:47,556 [INFO] sqlalchemy.engine.Engine: 
CREATE TABLE songs (
	id INTEGER NOT NULL, 
	title VARCHAR(300), 
	user_id INTEGER, 
	PRIMARY KEY (id), 
	FOREIGN KEY(user_id) REFERENCES users (id)
)


2022-04-18 19:24:47,556 [INFO] sqlalchemy.engine.Engine: [no key 0.00036s] ()
2022-04-18 19:24:47,564 [INFO] sqlalchemy.engine.Engine: COMMIT
2022-04-18 19:25:30,506 [INFO] sqlalchemy.engine.Engine: BEGIN (implicit)
2022-04-18 19:25:30,506 [INFO] sqlalchemy.engine.Engine: PRAGMA main.table_info("songs")
2022-04-18 19:25:30,506 [INFO] sqlalchemy.engine.Engine: [raw sql] ()
2022-04-18 19:25:30,510 [INFO] sqlalchemy.engine.Engine: PRAGMA main.table_info("users")
2022-04-18 19:25:30,510 [INFO] sqlalchemy.engine.Engine: [raw sql] ()
2022-04-18 19:25:30,512 [INFO] sqlalchemy.engine.Engine: COMMIT
2022-04-18 19:26:38,157 [INFO] sqlalchemy.engine.Engine: BEGIN (implicit)
2022-04-18 19:26:38,158 [INFO] sqlalchemy.engine.Engine: PRAGMA main.table_info("songs")
2022-04-18 19:26:38,158 [INFO] sqlalchemy.engine.Engine: [raw sql] ()
2022-04-18 19:26:38,160 [INFO] sqlalchemy.engine.Engine: PRAGMA main.table_info("users")
2022-04-18 19:26:38,160 [INFO] sqlalchemy.engine.Engine: [raw sql] ()
2022-04-18 19:26:38,161 [INFO] sqlalchemy.engine.Engine: COMMIT
2022-04-18 19:26:45,496 [INFO] sqlalchemy.engine.Engine: BEGIN (implicit)
2022-04-18 19:26:45,498 [INFO] sqlalchemy.engine.Engine: SELECT users.is_active AS users_is_active, users.id AS users_id, users.email AS users_email, users.password AS users_password, users.about AS users_about, users.authenticated AS users_authenticated, users.registered_on AS users_registered_on, users.is_admin AS users_is_admin 
FROM users 
WHERE users.id = ?
2022-04-18 19:26:45,498 [INFO] sqlalchemy.engine.Engine: [generated in 0.00031s] (1,)
2022-04-18 19:26:45,602 [INFO] sqlalchemy.engine.Engine: ROLLBACK
2022-04-18 19:27:40,160 [INFO] sqlalchemy.engine.Engine: BEGIN (implicit)
2022-04-18 19:27:40,161 [INFO] sqlalchemy.engine.Engine: PRAGMA main.table_info("songs")
2022-04-18 19:27:40,161 [INFO] sqlalchemy.engine.Engine: [raw sql] ()
2022-04-18 19:27:40,163 [INFO] sqlalchemy.engine.Engine: PRAGMA main.table_info("users")
2022-04-18 19:27:40,163 [INFO] sqlalchemy.engine.Engine: [raw sql] ()
2022-04-18 19:27:40,164 [INFO] sqlalchemy.engine.Engine: COMMIT
2022-04-18 19:28:04,344 [INFO] sqlalchemy.engine.Engine: BEGIN (implicit)
2022-04-18 19:28:04,345 [INFO] sqlalchemy.engine.Engine: PRAGMA main.table_info("songs")
2022-04-18 19:28:04,345 [INFO] sqlalchemy.engine.Engine: [raw sql] ()
2022-04-18 19:28:04,348 [INFO] sqlalchemy.engine.Engine: PRAGMA main.table_info("users")
2022-04-18 19:28:04,348 [INFO] sqlalchemy.engine.Engine: [raw sql] ()
2022-04-18 19:28:04,349 [INFO] sqlalchemy.engine.Engine: COMMIT
2022-04-18 19:28:53,905 [INFO] sqlalchemy.engine.Engine: BEGIN (implicit)
2022-04-18 19:28:53,906 [INFO] sqlalchemy.engine.Engine: PRAGMA main.table_info("songs")
2022-04-18 19:28:53,906 [INFO] sqlalchemy.engine.Engine: [raw sql] ()
2022-04-18 19:28:53,908 [INFO] sqlalchemy.engine.Engine: PRAGMA main.table_info("users")
2022-04-18 19:28:53,908 [INFO] sqlalchemy.engine.Engine: [raw sql] ()
2022-04-18 19:28:53,909 [INFO] sqlalchemy.engine.Engine: COMMIT
2022-04-18 19:29:42,097 [INFO] sqlalchemy.engine.Engine: BEGIN (implicit)
2022-04-18 19:29:42,098 [INFO] sqlalchemy.engine.Engine: PRAGMA main.table_info("songs")
2022-04-18 19:29:42,098 [INFO] sqlalchemy.engine.Engine: [raw sql] ()
2022-04-18 19:29:42,101 [INFO] sqlalchemy.engine.Engine: PRAGMA main.table_info("users")
2022-04-18 19:29:42,101 [INFO] sqlalchemy.engine.Engine: [raw sql] ()
2022-04-18 19:29:42,103 [INFO] sqlalchemy.engine.Engine: COMMIT
2022-04-18 19:30:04,846 [INFO] sqlalchemy.engine.Engine: BEGIN (implicit)
2022-04-18 19:30:04,846 [INFO] sqlalchemy.engine.Engine: PRAGMA main.table_info("songs")
2022-04-18 19:30:04,846 [INFO] sqlalchemy.engine.Engine: [raw sql] ()
2022-04-18 19:30:04,848 [INFO] sqlalchemy.engine.Engine: PRAGMA main.table_info("users")
2022-04-18 19:30:04,848 [INFO] sqlalchemy.engine.Engine: [raw sql] ()
2022-04-18 19:30:04,850 [INFO] sqlalchemy.engine.Engine: COMMIT
2022-04-20 02:38:09,989 [INFO] sqlalchemy.engine.Engine: BEGIN (implicit)
2022-04-20 02:38:09,990 [INFO] sqlalchemy.engine.Engine: PRAGMA main.table_info("songs")
2022-04-20 02:38:09,990 [INFO] sqlalchemy.engine.Engine: [raw sql] ()
2022-04-20 02:38:09,992 [INFO] sqlalchemy.engine.Engine: PRAGMA main.table_info("users")
2022-04-20 02:38:09,992 [INFO] sqlalchemy.engine.Engine: [raw sql] ()
2022-04-20 02:38:09,994 [INFO] sqlalchemy.engine.Engine: COMMIT
2022-04-20 02:38:42,080 [INFO] sqlalchemy.engine.Engine: BEGIN (implicit)
2022-04-20 02:38:42,081 [INFO] sqlalchemy.engine.Engine: PRAGMA main.table_info("songs")
2022-04-20 02:38:42,081 [INFO] sqlalchemy.engine.Engine: [raw sql] ()
2022-04-20 02:38:42,083 [INFO] sqlalchemy.engine.Engine: PRAGMA main.table_info("users")
2022-04-20 02:38:42,083 [INFO] sqlalchemy.engine.Engine: [raw sql] ()
2022-04-20 02:38:42,084 [INFO] sqlalchemy.engine.Engine: COMMIT
2022-04-20 02:42:32,559 [INFO] sqlalchemy.engine.Engine: BEGIN (implicit)
2022-04-20 02:42:32,559 [INFO] sqlalchemy.engine.Engine: PRAGMA main.table_info("songs")
2022-04-20 02:42:32,559 [INFO] sqlalchemy.engine.Engine: [raw sql] ()
2022-04-20 02:42:32,561 [INFO] sqlalchemy.engine.Engine: PRAGMA main.table_info("users")
2022-04-20 02:42:32,562 [INFO] sqlalchemy.engine.Engine: [raw sql] ()
2022-04-20 02:42:32,563 [INFO] sqlalchemy.engine.Engine: COMMIT
2022-04-20 02:42:58,853 [INFO] sqlalchemy.engine.Engine: BEGIN (implicit)
2022-04-20 02:42:58,854 [INFO] sqlalchemy.engine.Engine: PRAGMA main.table_info("songs")
2022-04-20 02:42:58,854 [INFO] sqlalchemy.engine.Engine: [raw sql] ()
2022-04-20 02:42:58,856 [INFO] sqlalchemy.engine.Engine: PRAGMA main.table_info("users")
2022-04-20 02:42:58,856 [INFO] sqlalchemy.engine.Engine: [raw sql] ()
2022-04-20 02:42:58,858 [INFO] sqlalchemy.engine.Engine: COMMIT
2022-04-20 02:45:08,234 [INFO] sqlalchemy.engine.Engine: BEGIN (implicit)
2022-04-20 02:45:08,235 [INFO] sqlalchemy.engine.Engine: PRAGMA main.table_info("songs")
2022-04-20 02:45:08,235 [INFO] sqlalchemy.engine.Engine: [raw sql] ()
2022-04-20 02:45:08,237 [INFO] sqlalchemy.engine.Engine: PRAGMA main.table_info("users")
2022-04-20 02:45:08,237 [INFO] sqlalchemy.engine.Engine: [raw sql] ()
2022-04-20 02:45:08,238 [INFO] sqlalchemy.engine.Engine: COMMIT
2022-04-20 02:46:22,126 [INFO] sqlalchemy.engine.Engine: BEGIN (implicit)
2022-04-20 02:46:22,126 [INFO] sqlalchemy.engine.Engine: PRAGMA main.table_info("songs")
2022-04-20 02:46:22,126 [INFO] sqlalchemy.engine.Engine: [raw sql] ()
2022-04-20 02:46:22,128 [INFO] sqlalchemy.engine.Engine: PRAGMA main.table_info("users")
2022-04-20 02:46:22,128 [INFO] sqlalchemy.engine.Engine: [raw sql] ()
2022-04-20 02:46:22,129 [INFO] sqlalchemy.engine.Engine: COMMIT
2022-04-20 02:46:49,840 [INFO] sqlalchemy.engine.Engine: BEGIN (implicit)
2022-04-20 02:46:49,841 [INFO] sqlalchemy.engine.Engine: PRAGMA main.table_info("songs")
2022-04-20 02:46:49,841 [INFO] sqlalchemy.engine.Engine: [raw sql] ()
2022-04-20 02:46:49,843 [INFO] sqlalchemy.engine.Engine: PRAGMA main.table_info("users")
2022-04-20 02:46:49,843 [INFO] sqlalchemy.engine.Engine: [raw sql] ()
2022-04-20 02:46:49,844 [INFO] sqlalchemy.engine.Engine: COMMIT
2022-04-20 02:48:12,661 [INFO] sqlalchemy.engine.Engine: BEGIN (implicit)
2022-04-20 02:48:12,661 [INFO] sqlalchemy.engine.Engine: PRAGMA main.table_info("songs")
2022-04-20 02:48:12,661 [INFO] sqlalchemy.engine.Engine: [raw sql] ()
2022-04-20 02:48:12,663 [INFO] sqlalchemy.engine.Engine: PRAGMA main.table_info("users")
2022-04-20 02:48:12,663 [INFO] sqlalchemy.engine.Engine: [raw sql] ()
2022-04-20 02:48:12,665 [INFO] sqlalchemy.engine.Engine: COMMIT
2022-04-30 00:32:59,502 [INFO] sqlalchemy.engine.Engine: BEGIN (implicit)
2022-04-30 00:32:59,505 [INFO] sqlalchemy.engine.Engine: SELECT users.is_active AS users_is_active, users.id AS users_id, users.email AS users_email, users.password AS users_password, users.about AS users_about, users.authenticated AS users_authenticated, users.registered_on AS users_registered_on, users.is_admin AS users_is_admin 
FROM users 
WHERE users.id = ?
2022-04-30 00:32:59,505 [INFO] sqlalchemy.engine.Engine: [generated in 0.00090s] (1,)
2022-04-30 00:32:59,509 [INFO] sqlalchemy.engine.Engine: SELECT users.is_active AS users_is_active, users.id AS users_id, users.email AS users_email, users.password AS users_password, users.about AS users_about, users.authenticated AS users_authenticated, users.registered_on AS users_registered_on, users.is_admin AS users_is_admin 
FROM users 
WHERE users.email = ?
 LIMIT ? OFFSET ?
2022-04-30 00:32:59,510 [INFO] sqlalchemy.engine.Engine: [generated in 0.00039s] ('kirwin@test.com', 1, 0)
2022-04-30 00:32:59,513 [INFO] sqlalchemy.engine.Engine: ROLLBACK
2022-04-30 00:32:59,520 [INFO] sqlalchemy.engine.Engine: BEGIN (implicit)
2022-04-30 00:32:59,521 [INFO] sqlalchemy.engine.Engine: SELECT users.is_active AS users_is_active, users.id AS users_id, users.email AS users_email, users.password AS users_password, users.about AS users_about, users.authenticated AS users_authenticated, users.registered_on AS users_registered_on, users.is_admin AS users_is_admin 
FROM users 
WHERE users.id = ?
2022-04-30 00:32:59,521 [INFO] sqlalchemy.engine.Engine: [cached since 0.01701s ago] (1,)
2022-04-30 00:32:59,625 [INFO] sqlalchemy.engine.Engine: ROLLBACK
2022-04-30 00:33:00,816 [INFO] sqlalchemy.engine.Engine: BEGIN (implicit)
2022-04-30 00:33:00,817 [INFO] sqlalchemy.engine.Engine: SELECT users.is_active AS users_is_active, users.id AS users_id, users.email AS users_email, users.password AS users_password, users.about AS users_about, users.authenticated AS users_authenticated, users.registered_on AS users_registered_on, users.is_admin AS users_is_admin 
FROM users 
WHERE users.id = ?
2022-04-30 00:33:00,817 [INFO] sqlalchemy.engine.Engine: [cached since 1.313s ago] (1,)
2022-04-30 00:33:00,828 [INFO] sqlalchemy.engine.Engine: ROLLBACK
2022-04-30 00:33:09,857 [INFO] sqlalchemy.engine.Engine: BEGIN (implicit)
2022-04-30 00:33:09,858 [INFO] sqlalchemy.engine.Engine: SELECT users.is_active AS users_is_active, users.id AS users_id, users.email AS users_email, users.password AS users_password, users.about AS users_about, users.authenticated AS users_authenticated, users.registered_on AS users_registered_on, users.is_admin AS users_is_admin 
FROM users 
WHERE users.id = ?
2022-04-30 00:33:09,858 [INFO] sqlalchemy.engine.Engine: [cached since 10.35s ago] (1,)
2022-04-30 00:33:09,861 [INFO] sqlalchemy.engine.Engine: SELECT users.is_active AS users_is_active, users.id AS users_id, users.email AS users_email, users.password AS users_password, users.about AS users_about, users.authenticated AS users_authenticated, users.registered_on AS users_registered_on, users.is_admin AS users_is_admin 
FROM users 
WHERE users.email = ?
 LIMIT ? OFFSET ?
2022-04-30 00:33:09,861 [INFO] sqlalchemy.engine.Engine: [cached since 10.35s ago] ('kirwin@test.com', 1, 0)
2022-04-30 00:33:09,921 [INFO] sqlalchemy.engine.Engine: INSERT INTO users (email, password, about, authenticated, registered_on) VALUES (?, ?, ?, ?, ?)
2022-04-30 00:33:09,922 [INFO] sqlalchemy.engine.Engine: [generated in 0.00052s] ('kirwin@test.com', 'pbkdf2:sha256:260000$xzASORLYUxHzICu7$fb98a6ec2aff71b39cc33dc0be849fafe260235847119af0049e010706ee0dc4', None, 0, '2022-04-30 00:33:09.920522')
2022-04-30 00:33:09,928 [INFO] sqlalchemy.engine.Engine: COMMIT
2022-04-30 00:33:09,936 [INFO] sqlalchemy.engine.Engine: BEGIN (implicit)
2022-04-30 00:33:09,937 [INFO] sqlalchemy.engine.Engine: SELECT users.is_active AS users_is_active, users.id AS users_id, users.email AS users_email, users.password AS users_password, users.about AS users_about, users.authenticated AS users_authenticated, users.registered_on AS users_registered_on, users.is_admin AS users_is_admin 
FROM users 
WHERE users.id = ?
2022-04-30 00:33:09,937 [INFO] sqlalchemy.engine.Engine: [generated in 0.00029s] (1,)
2022-04-30 00:33:09,940 [INFO] sqlalchemy.engine.Engine: UPDATE users SET is_admin=? WHERE users.id = ?
2022-04-30 00:33:09,940 [INFO] sqlalchemy.engine.Engine: [generated in 0.00032s] (1, 1)
2022-04-30 00:33:09,943 [INFO] sqlalchemy.engine.Engine: COMMIT
2022-04-30 00:33:09,956 [INFO] sqlalchemy.engine.Engine: BEGIN (implicit)
2022-04-30 00:33:09,957 [INFO] sqlalchemy.engine.Engine: SELECT users.is_active AS users_is_active, users.id AS users_id, users.email AS users_email, users.password AS users_password, users.about AS users_about, users.authenticated AS users_authenticated, users.registered_on AS users_registered_on, users.is_admin AS users_is_admin 
FROM users 
WHERE users.id = ?
2022-04-30 00:33:09,957 [INFO] sqlalchemy.engine.Engine: [cached since 10.45s ago] (1,)
2022-04-30 00:33:09,959 [INFO] sqlalchemy.engine.Engine: ROLLBACK
2022-04-30 00:33:09,967 [INFO] sqlalchemy.engine.Engine: BEGIN (implicit)
2022-04-30 00:33:09,968 [INFO] sqlalchemy.engine.Engine: SELECT users.is_active AS users_is_active, users.id AS users_id, users.email AS users_email, users.password AS users_password, users.about AS users_about, users.authenticated AS users_authenticated, users.registered_on AS users_registered_on, users.is_admin AS users_is_admin 
FROM users 
WHERE users.id = ?
2022-04-30 00:33:09,968 [INFO] sqlalchemy.engine.Engine: [cached since 10.46s ago] (1,)
2022-04-30 00:33:09,978 [INFO] sqlalchemy.engine.Engine: ROLLBACK
2022-04-30 00:33:11,234 [INFO] sqlalchemy.engine.Engine: BEGIN (implicit)
2022-04-30 00:33:11,234 [INFO] sqlalchemy.engine.Engine: SELECT users.is_active AS users_is_active, users.id AS users_id, users.email AS users_email, users.password AS users_password, users.about AS users_about, users.authenticated AS users_authenticated, users.registered_on AS users_registered_on, users.is_admin AS users_is_admin 
FROM users 
WHERE users.id = ?
2022-04-30 00:33:11,235 [INFO] sqlalchemy.engine.Engine: [cached since 11.73s ago] (1,)
2022-04-30 00:33:11,237 [INFO] sqlalchemy.engine.Engine: SELECT users.is_active AS users_is_active, users.id AS users_id, users.email AS users_email, users.password AS users_password, users.about AS users_about, users.authenticated AS users_authenticated, users.registered_on AS users_registered_on, users.is_admin AS users_is_admin 
FROM users
2022-04-30 00:33:11,237 [INFO] sqlalchemy.engine.Engine: [generated in 0.00025s] ()
2022-04-30 00:33:11,290 [INFO] sqlalchemy.engine.Engine: ROLLBACK
2022-04-30 01:17:38,168 [INFO] sqlalchemy.engine.Engine: BEGIN (implicit)
2022-04-30 01:17:38,169 [INFO] sqlalchemy.engine.Engine: SELECT users.is_active AS users_is_active, users.id AS users_id, users.email AS users_email, users.password AS users_password, users.about AS users_about, users.authenticated AS users_authenticated, users.registered_on AS users_registered_on, users.is_admin AS users_is_admin 
FROM users 
WHERE users.id = ?
2022-04-30 01:17:38,169 [INFO] sqlalchemy.engine.Engine: [cached since 2679s ago] (1,)
2022-04-30 01:17:38,186 [INFO] sqlalchemy.engine.Engine: ROLLBACK
2022-04-30 01:17:43,597 [INFO] sqlalchemy.engine.Engine: BEGIN (implicit)
2022-04-30 01:17:43,599 [INFO] sqlalchemy.engine.Engine: SELECT songs.id AS songs_id, songs.title AS songs_title, songs.user_id AS songs_user_id 
FROM songs
 LIMIT ? OFFSET ?
2022-04-30 01:17:43,599 [INFO] sqlalchemy.engine.Engine: [generated in 0.00028s] (1000, 0)
2022-04-30 01:17:43,604 [INFO] sqlalchemy.engine.Engine: SELECT count(*) AS count_1 
FROM (SELECT songs.id AS songs_id, songs.title AS songs_title, songs.user_id AS songs_user_id 
FROM songs) AS anon_1
2022-04-30 01:17:43,605 [INFO] sqlalchemy.engine.Engine: [generated in 0.00038s] ()
2022-04-30 01:17:43,607 [INFO] sqlalchemy.engine.Engine: SELECT users.is_active AS users_is_active, users.id AS users_id, users.email AS users_email, users.password AS users_password, users.about AS users_about, users.authenticated AS users_authenticated, users.registered_on AS users_registered_on, users.is_admin AS users_is_admin 
FROM users 
WHERE users.id = ?
2022-04-30 01:17:43,607 [INFO] sqlalchemy.engine.Engine: [cached since 2684s ago] (1,)
2022-04-30 01:17:43,618 [INFO] sqlalchemy.engine.Engine: ROLLBACK
2022-04-30 01:17:45,295 [INFO] sqlalchemy.engine.Engine: BEGIN (implicit)
2022-04-30 01:17:45,295 [INFO] sqlalchemy.engine.Engine: SELECT users.is_active AS users_is_active, users.id AS users_id, users.email AS users_email, users.password AS users_password, users.about AS users_about, users.authenticated AS users_authenticated, users.registered_on AS users_registered_on, users.is_admin AS users_is_admin 
FROM users 
WHERE users.id = ?
2022-04-30 01:17:45,295 [INFO] sqlalchemy.engine.Engine: [cached since 2686s ago] (1,)
2022-04-30 01:17:45,308 [INFO] sqlalchemy.engine.Engine: ROLLBACK
2022-04-30 01:18:34,033 [INFO] sqlalchemy.engine.Engine: BEGIN (implicit)
2022-04-30 01:18:34,035 [INFO] sqlalchemy.engine.Engine: SELECT users.is_active AS users_is_active, users.id AS users_id, users.email AS users_email, users.password AS users_password, users.about AS users_about, users.authenticated AS users_authenticated, users.registered_on AS users_registered_on, users.is_admin AS users_is_admin 
FROM users 
WHERE users.id = ?
2022-04-30 01:18:34,035 [INFO] sqlalchemy.engine.Engine: [generated in 0.00028s] (1,)
2022-04-30 01:18:34,138 [INFO] sqlalchemy.engine.Engine: ROLLBACK
2022-04-30 01:18:35,728 [INFO] sqlalchemy.engine.Engine: BEGIN (implicit)
2022-04-30 01:18:35,729 [INFO] sqlalchemy.engine.Engine: SELECT users.is_active AS users_is_active, users.id AS users_id, users.email AS users_email, users.password AS users_password, users.about AS users_about, users.authenticated AS users_authenticated, users.registered_on AS users_registered_on, users.is_admin AS users_is_admin 
FROM users 
WHERE users.id = ?
2022-04-30 01:18:35,729 [INFO] sqlalchemy.engine.Engine: [cached since 1.694s ago] (1,)
2022-04-30 01:18:35,743 [INFO] sqlalchemy.engine.Engine: ROLLBACK
2022-04-30 01:39:28,595 [INFO] sqlalchemy.engine.Engine: BEGIN (implicit)
2022-04-30 01:39:28,597 [INFO] sqlalchemy.engine.Engine: SELECT users.is_active AS users_is_active, users.id AS users_id, users.email AS users_email, users.password AS users_password, users.about AS users_about, users.authenticated AS users_authenticated, users.registered_on AS users_registered_on, users.is_admin AS users_is_admin 
FROM users 
WHERE users.id = ?
2022-04-30 01:39:28,598 [INFO] sqlalchemy.engine.Engine: [generated in 0.00044s] (1,)
2022-04-30 01:39:28,602 [INFO] sqlalchemy.engine.Engine: SELECT users.is_active AS users_is_active, users.id AS users_id, users.email AS users_email, users.password AS users_password, users.about AS users_about, users.authenticated AS users_authenticated, users.registered_on AS users_registered_on, users.is_admin AS users_is_admin 
FROM users
2022-04-30 01:39:28,602 [INFO] sqlalchemy.engine.Engine: [generated in 0.00044s] ()
2022-04-30 01:39:28,752 [INFO] sqlalchemy.engine.Engine: ROLLBACK
2022-04-30 01:39:31,279 [INFO] sqlalchemy.engine.Engine: BEGIN (implicit)
2022-04-30 01:39:31,279 [INFO] sqlalchemy.engine.Engine: SELECT users.is_active AS users_is_active, users.id AS users_id, users.email AS users_email, users.password AS users_password, users.about AS users_about, users.authenticated AS users_authenticated, users.registered_on AS users_registered_on, users.is_admin AS users_is_admin 
FROM users 
WHERE users.id = ?
2022-04-30 01:39:31,280 [INFO] sqlalchemy.engine.Engine: [cached since 2.682s ago] (1,)
2022-04-30 01:39:31,290 [INFO] sqlalchemy.engine.Engine: ROLLBACK
